0 info it worked if it ends with ok
1 verbose cli [ '/usr/local/Cellar/node/5.1.0/bin/node',
1 verbose cli   '/usr/local/bin/npm',
1 verbose cli   'publish' ]
2 info using npm@3.3.12
3 info using node@v5.1.0
4 verbose publish [ '.' ]
5 silly cache add args [ '.', null ]
6 verbose cache add spec .
7 silly cache add parsed spec Result {
7 silly cache add   raw: '.',
7 silly cache add   scope: null,
7 silly cache add   name: null,
7 silly cache add   rawSpec: '.',
7 silly cache add   spec: '/Users/matthias/work/projects/opensource/eslint-config-indoqa',
7 silly cache add   type: 'directory' }
8 verbose addLocalDirectory /Users/matthias/.npm/eslint-config-indoqa/0.0.2/package.tgz not in flight; packing
9 info lifecycle eslint-config-indoqa@0.0.2~prepublish: eslint-config-indoqa@0.0.2
10 silly lifecycle eslint-config-indoqa@0.0.2~prepublish: no script for prepublish, continuing
11 verbose tar pack [ '/Users/matthias/.npm/eslint-config-indoqa/0.0.2/package.tgz',
11 verbose tar pack   '/Users/matthias/work/projects/opensource/eslint-config-indoqa' ]
12 verbose tarball /Users/matthias/.npm/eslint-config-indoqa/0.0.2/package.tgz
13 verbose folder /Users/matthias/work/projects/opensource/eslint-config-indoqa
14 verbose addLocalTarball adding from inside cache /Users/matthias/.npm/eslint-config-indoqa/0.0.2/package.tgz
15 silly cache afterAdd eslint-config-indoqa@0.0.2
16 verbose afterAdd /Users/matthias/.npm/eslint-config-indoqa/0.0.2/package/package.json not in flight; writing
17 verbose afterAdd /Users/matthias/.npm/eslint-config-indoqa/0.0.2/package/package.json written
18 silly publish { name: 'eslint-config-indoqa',
18 silly publish   version: '0.0.2',
18 silly publish   description: 'Eslint rules for Indoqa react projects, based on eslint-config-airbnb.',
18 silly publish   main: 'index.js',
18 silly publish   author: { name: 'Indoqa' },
18 silly publish   license: 'Apache-2.0',
18 silly publish   repository:
18 silly publish    { type: 'git',
18 silly publish      url: 'git+https://github.com/Indoqa/eslint-config-indoqa.git' },
18 silly publish   scripts: { lint: 'eslint .' },
18 silly publish   dependencies: { 'eslint-config-airbnb': '3.1.0' },
18 silly publish   peerDependencies:
18 silly publish    { eslint: '2.2.0',
18 silly publish      'eslint-plugin-import': '0.12.1',
18 silly publish      'eslint-plugin-react': '4.0.0' },
18 silly publish   readme: 'To use in a specific project, follow these steps:\n\n## package.json\n\nInclude eslint-config-indoqa and peer dependecies:\n\n```\n"dependencies" :{ \n    "eslint": "2.2.0",\n    "eslint-config-airbnb": "3.1.0",\n    "eslint-config-indoqa": "<version>",\n    "eslint-plugin-import": "0.12.1",\n    "eslint-plugin-react": "4.0.0"\n  },\n```\n\n## .eslintrc\n\nThe only thing needed is to point to this config module.\n\n```\n{\n  "extends" : ["indoqa"]\n}\n```',
18 silly publish   readmeFilename: 'README.md',
18 silly publish   gitHead: '024788b051ca03fbb9cdcb32be7afae359c23c0e',
18 silly publish   bugs: { url: 'https://github.com/Indoqa/eslint-config-indoqa/issues' },
18 silly publish   homepage: 'https://github.com/Indoqa/eslint-config-indoqa#readme',
18 silly publish   _id: 'eslint-config-indoqa@0.0.2',
18 silly publish   _shasum: '199d6bd9c571cda12bccbc3525496414d7cd4755',
18 silly publish   _from: '.' }
19 verbose getPublishConfig undefined
20 silly mapToRegistry name eslint-config-indoqa
21 silly mapToRegistry using default registry
22 silly mapToRegistry registry https://registry.npmjs.org/
23 silly mapToRegistry uri https://registry.npmjs.org/eslint-config-indoqa
24 verbose publish registryBase https://registry.npmjs.org/
25 silly publish uploading /Users/matthias/.npm/eslint-config-indoqa/0.0.2/package.tgz
26 verbose request uri https://registry.npmjs.org/eslint-config-indoqa
27 verbose request sending authorization for write operation
28 info attempt registry request try #1 at 11:13:34
29 verbose request using bearer token for auth
30 verbose request id 3e95b1f7e8e2faf4
31 http request PUT https://registry.npmjs.org/eslint-config-indoqa
32 http 403 https://registry.npmjs.org/eslint-config-indoqa
33 verbose headers { 'content-type': 'application/json',
33 verbose headers   'cache-control': 'max-age=300',
33 verbose headers   'content-length': '95',
33 verbose headers   'accept-ranges': 'bytes',
33 verbose headers   date: 'Thu, 10 Mar 2016 10:13:36 GMT',
33 verbose headers   via: '1.1 varnish',
33 verbose headers   connection: 'keep-alive',
33 verbose headers   'x-served-by': 'cache-fra1246-FRA',
33 verbose headers   'x-cache': 'MISS',
33 verbose headers   'x-cache-hits': '0',
33 verbose headers   'x-timer': 'S1457604814.989607,VS0,VE1355' }
34 verbose request invalidating /Users/matthias/.npm/registry.npmjs.org/eslint-config-indoqa on PUT
35 error publish Failed PUT 403
36 verbose stack Error: "You cannot publish over the previously published version 0.0.2." : eslint-config-indoqa
36 verbose stack     at makeError (/usr/local/lib/node_modules/npm/node_modules/npm-registry-client/lib/request.js:264:12)
36 verbose stack     at CachingRegistryClient.<anonymous> (/usr/local/lib/node_modules/npm/node_modules/npm-registry-client/lib/request.js:252:14)
36 verbose stack     at Request._callback (/usr/local/lib/node_modules/npm/node_modules/npm-registry-client/lib/request.js:172:14)
36 verbose stack     at Request.self.callback (/usr/local/lib/node_modules/npm/node_modules/request/request.js:198:22)
36 verbose stack     at emitTwo (events.js:87:13)
36 verbose stack     at Request.emit (events.js:172:7)
36 verbose stack     at Request.<anonymous> (/usr/local/lib/node_modules/npm/node_modules/request/request.js:1082:10)
36 verbose stack     at emitOne (events.js:82:20)
36 verbose stack     at Request.emit (events.js:169:7)
36 verbose stack     at IncomingMessage.<anonymous> (/usr/local/lib/node_modules/npm/node_modules/request/request.js:1009:12)
37 verbose statusCode 403
38 verbose pkgid eslint-config-indoqa
39 verbose cwd /Users/matthias/work/projects/opensource/eslint-config-indoqa
40 error Darwin 15.3.0
41 error argv "/usr/local/Cellar/node/5.1.0/bin/node" "/usr/local/bin/npm" "publish"
42 error node v5.1.0
43 error npm  v3.3.12
44 error code E403
45 error "You cannot publish over the previously published version 0.0.2." : eslint-config-indoqa
46 error If you need help, you may report this error at:
46 error     <https://github.com/npm/npm/issues>
47 verbose exit [ 1, true ]
